<?xml version="1.0" encoding="UTF-8"?>
<!-- Generated by org.testng.reporters.JUnitReportReporter -->
<testsuite hostname="3I-PC0CF95D" failures="0" tests="3" name="Rama_test.TestScenario_3" time="27.286" errors="1" timestamp="2024-02-29T17:31:50 IST" skipped="1">
  <testcase classname="Rama_test.TestScenario_3" name="TestScenario3" time="0.000">
    <skipped/>
  </testcase> <!-- TestScenario3 -->
  <testcase classname="Rama_test.TestScenario_3" name="setUp" time="2.188">
    <error message="Could not start a new session. Response code 500. Message: Error: No Selenium config found for browserVersion: 122.0 Input capabilities : {&quot;EnableHTTP2InMartian&quot;:true,&quot;accessKey&quot;:&quot;**************************************************&quot;,&quot;browserName&quot;:&quot;chrome&quot;,&quot;browserVersion&quot;:&quot;122&quot;,&quot;build&quot;:&quot;Selenium 4&quot;,&quot;console&quot;:&quot;info&quot;,&quot;enableDebugLogsInMartian&quot;:false,&quot;enableNetworkThrottling&quot;:false,&quot;enableSSEInMartian&quot;:true,&quot;enableWSInMartian&quot;:true,&quot;extendedDebuging&quot;:true,&quot;headless&quot;:false,&quot;loggingPrefs&quot;:{&quot;browser&quot;:&quot;ALL&quot;,&quot;driver&quot;:&quot;ALL&quot;,&quot;performance&quot;:&quot;ALL&quot;,&quot;server&quot;:&quot;ALL&quot;},&quot;lt:options&quot;:{&quot;accessKey&quot;:&quot;**************************************************&quot;,&quot;user&quot;:&quot;********&quot;},&quot;name&quot;:&quot;Rama_test.TestScenario_3&quot;,&quot;network&quot;:true,&quot;network.har&quot;:true,&quot;performance&quot;:false,&quot;platform&quot;:&quot;macos 10.15&quot;,&quot;platformName&quot;:&quot;macOS Catalina&quot;,&quot;resolution&quot;:&quot;1920x1080&quot;,&quot;selenium_version&quot;:&quot;4.0.0&quot;,&quot;tunnel&quot;:false,&quot;tunnelIdentifier&quot;:&quot;&quot;,&quot;user&quot;:&quot;********&quot;,&quot;userAgent&quot;:&quot;selenium/4.1.0 (java windows)&quot;,&quot;version&quot;:&quot;122.0&quot;,&quot;video&quot;:true,&quot;visual&quot;:true,&quot;w3c&quot;:true}
Build info: version: &#039;4.1.0&#039;, revision: &#039;87802e897b&#039;
System info: host: &#039;3I-PC0CF95D&#039;, ip: &#039;169.254.98.139&#039;, os.name: &#039;Windows 10&#039;, os.arch: &#039;amd64&#039;, os.version: &#039;10.0&#039;, java.version: &#039;20.0.2&#039;
Driver info: org.openqa.selenium.remote.RemoteWebDriver
Command: [null, newSession {capabilities=[Capabilities {LT:Options: {accessKey: hBpdTFnFrRNrweezqtnpr4xer9e..., user: topennms}, browserName: Chrome, browserVersion: 122, platformName: macos catalina}], desiredCapabilities=Capabilities {LT:Options: {accessKey: hBpdTFnFrRNrweezqtnpr4xer9e..., user: topennms}, browserName: Chrome, browserVersion: 122, build: Selenium 4, console: info, name: Rama_test.TestScenario_3, network: true, platformName: macOS Catalina, selenium_version: 4.0.0, tunnel: false, visual: true}}]
Capabilities {}" type="org.openqa.selenium.SessionNotCreatedException">
      <![CDATA[org.openqa.selenium.SessionNotCreatedException: Could not start a new session. Response code 500. Message: Error: No Selenium config found for browserVersion: 122.0 Input capabilities : {"EnableHTTP2InMartian":true,"accessKey":"**************************************************","browserName":"chrome","browserVersion":"122","build":"Selenium 4","console":"info","enableDebugLogsInMartian":false,"enableNetworkThrottling":false,"enableSSEInMartian":true,"enableWSInMartian":true,"extendedDebuging":true,"headless":false,"loggingPrefs":{"browser":"ALL","driver":"ALL","performance":"ALL","server":"ALL"},"lt:options":{"accessKey":"**************************************************","user":"********"},"name":"Rama_test.TestScenario_3","network":true,"network.har":true,"performance":false,"platform":"macos 10.15","platformName":"macOS Catalina","resolution":"1920x1080","selenium_version":"4.0.0","tunnel":false,"tunnelIdentifier":"","user":"********","userAgent":"selenium/4.1.0 (java windows)","version":"122.0","video":true,"visual":true,"w3c":true}
Build info: version: '4.1.0', revision: '87802e897b'
System info: host: '3I-PC0CF95D', ip: '169.254.98.139', os.name: 'Windows 10', os.arch: 'amd64', os.version: '10.0', java.version: '20.0.2'
Driver info: org.openqa.selenium.remote.RemoteWebDriver
Command: [null, newSession {capabilities=[Capabilities {LT:Options: {accessKey: hBpdTFnFrRNrweezqtnpr4xer9e..., user: topennms}, browserName: Chrome, browserVersion: 122, platformName: macos catalina}], desiredCapabilities=Capabilities {LT:Options: {accessKey: hBpdTFnFrRNrweezqtnpr4xer9e..., user: topennms}, browserName: Chrome, browserVersion: 122, build: Selenium 4, console: info, name: Rama_test.TestScenario_3, network: true, platformName: macOS Catalina, selenium_version: 4.0.0, tunnel: false, visual: true}}]
Capabilities {}
at org.openqa.selenium.remote.ProtocolHandshake.createSession(ProtocolHandshake.java:126)
at org.openqa.selenium.remote.ProtocolHandshake.createSession(ProtocolHandshake.java:84)
at org.openqa.selenium.remote.ProtocolHandshake.createSession(ProtocolHandshake.java:62)
at org.openqa.selenium.remote.HttpCommandExecutor.execute(HttpCommandExecutor.java:156)
at org.openqa.selenium.remote.TracedCommandExecutor.execute(TracedCommandExecutor.java:50)
at org.openqa.selenium.remote.RemoteWebDriver.execute(RemoteWebDriver.java:559)
at org.openqa.selenium.remote.RemoteWebDriver.startSession(RemoteWebDriver.java:246)
at org.openqa.selenium.remote.RemoteWebDriver.<init>(RemoteWebDriver.java:168)
at org.openqa.selenium.remote.RemoteWebDriver.<init>(RemoteWebDriver.java:146)
at Rama_test.TestScenario_3.setUp(TestScenario_3.java:52)
at java.base/jdk.internal.reflect.DirectMethodHandleAccessor.invoke(DirectMethodHandleAccessor.java:104)
at java.base/java.lang.reflect.Method.invoke(Method.java:578)
at org.testng.internal.invokers.MethodInvocationHelper.invokeMethod(MethodInvocationHelper.java:139)
at org.testng.internal.invokers.MethodInvocationHelper.invokeMethodConsideringTimeout(MethodInvocationHelper.java:69)
at org.testng.internal.invokers.ConfigInvoker.invokeConfigurationMethod(ConfigInvoker.java:390)
at org.testng.internal.invokers.ConfigInvoker.invokeConfigurations(ConfigInvoker.java:325)
at org.testng.internal.invokers.TestInvoker.runConfigMethods(TestInvoker.java:810)
at org.testng.internal.invokers.TestInvoker.invokeMethod(TestInvoker.java:577)
at org.testng.internal.invokers.TestInvoker.invokeTestMethod(TestInvoker.java:227)
at org.testng.internal.invokers.MethodRunner.runInSequence(MethodRunner.java:50)
at org.testng.internal.invokers.TestInvoker$MethodInvocationAgent.invoke(TestInvoker.java:957)
at org.testng.internal.invokers.TestInvoker.invokeTestMethods(TestInvoker.java:200)
at org.testng.internal.invokers.TestMethodWorker.invokeTestMethods(TestMethodWorker.java:148)
at org.testng.internal.invokers.TestMethodWorker.run(TestMethodWorker.java:128)
at java.base/java.util.ArrayList.forEach(ArrayList.java:1511)
at org.testng.TestRunner.privateRun(TestRunner.java:848)
at org.testng.TestRunner.run(TestRunner.java:621)
at org.testng.SuiteRunner.runTest(SuiteRunner.java:443)
at org.testng.SuiteRunner$SuiteWorker.run(SuiteRunner.java:481)
at org.testng.internal.thread.ThreadUtil.lambda$execute$0(ThreadUtil.java:58)
at java.base/java.util.concurrent.FutureTask.run(FutureTask.java:317)
at java.base/java.util.concurrent.ThreadPoolExecutor.runWorker(ThreadPoolExecutor.java:1144)
at java.base/java.util.concurrent.ThreadPoolExecutor$Worker.run(ThreadPoolExecutor.java:642)
at java.base/java.lang.Thread.run(Thread.java:1623)
]]>
    </error>
  </testcase> <!-- setUp -->
  <testcase classname="Rama_test.TestScenario_3" name="TestScenario3" time="25.098"/>
</testsuite> <!-- Rama_test.TestScenario_3 -->
